{"uuid":"1f0c501a-748a-48ee-bdf1-c465da234ee2","historyId":"c05f6afdf6d6ecf27f1810539011ad2","fullName":"AuthenticationTestSuite.RegistrationTest.passwordLessThanSixDigits","labels":[{"name":"package","value":"AuthenticationTestSuite.RegistrationTest"},{"name":"testClass","value":"AuthenticationTestSuite.RegistrationTest"},{"name":"testMethod","value":"passwordLessThanSixDigits"},{"name":"parentSuite","value":"Default Suite"},{"name":"suite","value":"FinalProject"},{"name":"subSuite","value":"AuthenticationTestSuite.RegistrationTest"},{"name":"host","value":"DESKTOP-UK2F4HB"},{"name":"thread","value":"3208@DESKTOP-UK2F4HB.main(1)"},{"name":"framework","value":"testng"},{"name":"language","value":"java"}],"links":[],"name":"passwordLessThanSixDigits","status":"skipped","statusDetails":{"known":false,"muted":false,"flaky":false,"message":"java.lang.IndexOutOfBoundsException: Index 18 out of bounds for length 18","trace":"java.lang.RuntimeException: java.lang.IndexOutOfBoundsException: Index 18 out of bounds for length 18\r\n\tat org.testng.internal.MethodInvocationHelper.invokeMethodNoCheckedException(MethodInvocationHelper.java:50)\r\n\tat org.testng.internal.MethodInvocationHelper.invokeDataProvider(MethodInvocationHelper.java:146)\r\n\tat org.testng.internal.Parameters.handleParameters(Parameters.java:798)\r\n\tat org.testng.internal.Parameters.handleParameters(Parameters.java:740)\r\n\tat org.testng.internal.ParameterHandler.handleParameters(ParameterHandler.java:59)\r\n\tat org.testng.internal.ParameterHandler.createParameters(ParameterHandler.java:38)\r\n\tat org.testng.internal.TestInvoker$MethodInvocationAgent.invoke(TestInvoker.java:791)\r\n\tat org.testng.internal.TestInvoker.invokeTestMethods(TestInvoker.java:146)\r\n\tat org.testng.internal.TestMethodWorker.invokeTestMethods(TestMethodWorker.java:146)\r\n\tat org.testng.internal.TestMethodWorker.run(TestMethodWorker.java:128)\r\n\tat java.base/java.util.ArrayList.forEach(ArrayList.java:1511)\r\n\tat org.testng.TestRunner.privateRun(TestRunner.java:794)\r\n\tat org.testng.TestRunner.run(TestRunner.java:596)\r\n\tat org.testng.SuiteRunner.runTest(SuiteRunner.java:377)\r\n\tat org.testng.SuiteRunner.runSequentially(SuiteRunner.java:371)\r\n\tat org.testng.SuiteRunner.privateRun(SuiteRunner.java:332)\r\n\tat org.testng.SuiteRunner.run(SuiteRunner.java:276)\r\n\tat org.testng.SuiteRunnerWorker.runSuite(SuiteRunnerWorker.java:53)\r\n\tat org.testng.SuiteRunnerWorker.run(SuiteRunnerWorker.java:96)\r\n\tat org.testng.TestNG.runSuitesSequentially(TestNG.java:1212)\r\n\tat org.testng.TestNG.runSuitesLocally(TestNG.java:1134)\r\n\tat org.testng.TestNG.runSuites(TestNG.java:1063)\r\n\tat org.testng.TestNG.run(TestNG.java:1031)\r\n\tat com.intellij.rt.testng.IDEARemoteTestNG.run(IDEARemoteTestNG.java:66)\r\n\tat com.intellij.rt.testng.RemoteTestNGStarter.main(RemoteTestNGStarter.java:109)\r\nCaused by: java.lang.IndexOutOfBoundsException: Index 18 out of bounds for length 18\r\n\tat java.base/jdk.internal.util.Preconditions.outOfBounds(Preconditions.java:100)\r\n\tat java.base/jdk.internal.util.Preconditions.outOfBoundsCheckIndex(Preconditions.java:106)\r\n\tat java.base/jdk.internal.util.Preconditions.checkIndex(Preconditions.java:302)\r\n\tat java.base/java.util.Objects.checkIndex(Objects.java:359)\r\n\tat java.base/java.util.ArrayList.get(ArrayList.java:427)\r\n\tat AuthenticationTestSuite.RegistrationTest.providerReadFromExcel(RegistrationTest.java:29)\r\n\tat AuthenticationTestSuite.RegistrationTest.myDataProviderForPasswordLessThanSixDigits(RegistrationTest.java:87)\r\n\tat java.base/jdk.internal.reflect.DirectMethodHandleAccessor.invoke(DirectMethodHandleAccessor.java:104)\r\n\tat java.base/java.lang.reflect.Method.invoke(Method.java:577)\r\n\tat org.testng.internal.MethodInvocationHelper.invokeMethod(MethodInvocationHelper.java:133)\r\n\tat org.testng.internal.MethodInvocationHelper.invokeMethod(MethodInvocationHelper.java:77)\r\n\tat org.testng.internal.MethodInvocationHelper.invokeMethodNoCheckedException(MethodInvocationHelper.java:46)\r\n\t... 24 more\r\n"},"stage":"finished","steps":[],"attachments":[],"parameters":[],"start":1661753530292,"stop":1661753530298}