{"uuid":"5b9b2ca3-8622-4f47-8c42-99997ab80d02","historyId":"9c0c93e0ee3291b7a396c701c7f004a2","fullName":"AmazonTests.ShoppingCartSuite.ShoppingCartTest.addingProductToCart","labels":[{"name":"package","value":"AmazonTests.ShoppingCartSuite.ShoppingCartTest"},{"name":"testClass","value":"AmazonTests.ShoppingCartSuite.ShoppingCartTest"},{"name":"testMethod","value":"addingProductToCart"},{"name":"parentSuite","value":"Default Suite"},{"name":"suite","value":"FinalProject"},{"name":"subSuite","value":"AmazonTests.ShoppingCartSuite.ShoppingCartTest"},{"name":"host","value":"DESKTOP-UK2F4HB"},{"name":"thread","value":"22516@DESKTOP-UK2F4HB.main(1)"},{"name":"framework","value":"testng"},{"name":"language","value":"java"},{"name":"story","value":"adding a product to the shopping cart test"}],"links":[],"name":"addingProductToCart","status":"broken","statusDetails":{"known":false,"muted":false,"flaky":false,"message":"element click intercepted: Element <input id=\"add-to-cart-button\" name=\"submit.add-to-cart\" title=\"Add to Shopping Cart\" data-hover=\"Select <b>__dims__</b> from the left<br> to add to Shopping Cart\" data-ref=\"\" class=\"a-button-input\" type=\"submit\" value=\"Add to Cart\" aria-labelledby=\"submit.add-to-cart-announce\" formaction=\"/cart/add-to-cart/ref=dp_start-bbf_1_glance\"> is not clickable at point (1496, 670). Other element would receive the click: <img id=\"detailImg\" src=\"https://m.media-amazon.com/images/I/81+tY3+YHlL._AC_SL1500_.jpg\" style=\"position: absolute; left: 14.75px; top: -69.1087px;\">\n  (Session info: chrome=106.0.5249.119)\nBuild info: version: '4.4.0', revision: 'e5c75ed026a'\nSystem info: host: 'DESKTOP-UK2F4HB', ip: '172.31.144.1', os.name: 'Windows 10', os.arch: 'amd64', os.version: '10.0', java.version: '18.0.1.1'\nDriver info: org.openqa.selenium.chrome.ChromeDriver\nCommand: [1a91e59f9f07eda772eceadb1c6dddbe, clickElement {id=f5b4d853-d897-4fc1-89e9-d8fe4e0ce0f6}]\nCapabilities {acceptInsecureCerts: false, browserName: chrome, browserVersion: 106.0.5249.119, chrome: {chromedriverVersion: 106.0.5249.61 (511755355844..., userDataDir: C:\\Users\\admin\\AppData\\Loca...}, goog:chromeOptions: {debuggerAddress: localhost:57539}, networkConnectionEnabled: false, pageLoadStrategy: normal, platformName: WINDOWS, proxy: Proxy(), se:cdp: ws://localhost:57539/devtoo..., se:cdpVersion: 106.0.5249.119, setWindowRect: true, strictFileInteractability: false, timeouts: {implicit: 0, pageLoad: 300000, script: 30000}, unhandledPromptBehavior: dismiss and notify, webauthn:extension:credBlob: true, webauthn:extension:largeBlob: true, webauthn:virtualAuthenticators: true}\nElement: [[ChromeDriver: chrome on WINDOWS (1a91e59f9f07eda772eceadb1c6dddbe)] -> css selector: #add-to-cart-button]\nSession ID: 1a91e59f9f07eda772eceadb1c6dddbe","trace":"org.openqa.selenium.ElementClickInterceptedException: element click intercepted: Element <input id=\"add-to-cart-button\" name=\"submit.add-to-cart\" title=\"Add to Shopping Cart\" data-hover=\"Select <b>__dims__</b> from the left<br> to add to Shopping Cart\" data-ref=\"\" class=\"a-button-input\" type=\"submit\" value=\"Add to Cart\" aria-labelledby=\"submit.add-to-cart-announce\" formaction=\"/cart/add-to-cart/ref=dp_start-bbf_1_glance\"> is not clickable at point (1496, 670). Other element would receive the click: <img id=\"detailImg\" src=\"https://m.media-amazon.com/images/I/81+tY3+YHlL._AC_SL1500_.jpg\" style=\"position: absolute; left: 14.75px; top: -69.1087px;\">\n  (Session info: chrome=106.0.5249.119)\nBuild info: version: '4.4.0', revision: 'e5c75ed026a'\nSystem info: host: 'DESKTOP-UK2F4HB', ip: '172.31.144.1', os.name: 'Windows 10', os.arch: 'amd64', os.version: '10.0', java.version: '18.0.1.1'\nDriver info: org.openqa.selenium.chrome.ChromeDriver\nCommand: [1a91e59f9f07eda772eceadb1c6dddbe, clickElement {id=f5b4d853-d897-4fc1-89e9-d8fe4e0ce0f6}]\nCapabilities {acceptInsecureCerts: false, browserName: chrome, browserVersion: 106.0.5249.119, chrome: {chromedriverVersion: 106.0.5249.61 (511755355844..., userDataDir: C:\\Users\\admin\\AppData\\Loca...}, goog:chromeOptions: {debuggerAddress: localhost:57539}, networkConnectionEnabled: false, pageLoadStrategy: normal, platformName: WINDOWS, proxy: Proxy(), se:cdp: ws://localhost:57539/devtoo..., se:cdpVersion: 106.0.5249.119, setWindowRect: true, strictFileInteractability: false, timeouts: {implicit: 0, pageLoad: 300000, script: 30000}, unhandledPromptBehavior: dismiss and notify, webauthn:extension:credBlob: true, webauthn:extension:largeBlob: true, webauthn:virtualAuthenticators: true}\nElement: [[ChromeDriver: chrome on WINDOWS (1a91e59f9f07eda772eceadb1c6dddbe)] -> css selector: #add-to-cart-button]\nSession ID: 1a91e59f9f07eda772eceadb1c6dddbe\r\n\tat java.base/jdk.internal.reflect.DirectConstructorHandleAccessor.newInstance(DirectConstructorHandleAccessor.java:67)\r\n\tat java.base/java.lang.reflect.Constructor.newInstanceWithCaller(Constructor.java:499)\r\n\tat java.base/java.lang.reflect.Constructor.newInstance(Constructor.java:483)\r\n\tat org.openqa.selenium.remote.codec.w3c.W3CHttpResponseCodec.createException(W3CHttpResponseCodec.java:200)\r\n\tat org.openqa.selenium.remote.codec.w3c.W3CHttpResponseCodec.decode(W3CHttpResponseCodec.java:133)\r\n\tat org.openqa.selenium.remote.codec.w3c.W3CHttpResponseCodec.decode(W3CHttpResponseCodec.java:53)\r\n\tat org.openqa.selenium.remote.HttpCommandExecutor.execute(HttpCommandExecutor.java:184)\r\n\tat org.openqa.selenium.remote.service.DriverCommandExecutor.invokeExecute(DriverCommandExecutor.java:167)\r\n\tat org.openqa.selenium.remote.service.DriverCommandExecutor.execute(DriverCommandExecutor.java:142)\r\n\tat org.openqa.selenium.remote.RemoteWebDriver.execute(RemoteWebDriver.java:547)\r\n\tat org.openqa.selenium.remote.RemoteWebElement.execute(RemoteWebElement.java:257)\r\n\tat org.openqa.selenium.remote.RemoteWebElement.click(RemoteWebElement.java:78)\r\n\tat java.base/jdk.internal.reflect.DirectMethodHandleAccessor.invoke(DirectMethodHandleAccessor.java:104)\r\n\tat java.base/java.lang.reflect.Method.invoke(Method.java:577)\r\n\tat org.openqa.selenium.support.pagefactory.internal.LocatingElementHandler.invoke(LocatingElementHandler.java:52)\r\n\tat jdk.proxy2/jdk.proxy2.$Proxy28.click(Unknown Source)\r\n\tat Pages.BasePage.click(BasePage.java:83)\r\n\tat WorkFlows.AmazonCartWorkFlows.clickAddToCartButton(AmazonCartWorkFlows.java:63)\r\n\tat WorkFlows.AmazonCartWorkFlows.addProductToCart(AmazonCartWorkFlows.java:80)\r\n\tat AmazonTests.ShoppingCartSuite.ShoppingCartTest.addingProductToCart(ShoppingCartTest.java:43)\r\n\tat java.base/jdk.internal.reflect.DirectMethodHandleAccessor.invoke(DirectMethodHandleAccessor.java:104)\r\n\tat java.base/java.lang.reflect.Method.invoke(Method.java:577)\r\n\tat org.testng.internal.MethodInvocationHelper.invokeMethod(MethodInvocationHelper.java:133)\r\n\tat org.testng.internal.TestInvoker.invokeMethod(TestInvoker.java:598)\r\n\tat org.testng.internal.TestInvoker.invokeTestMethod(TestInvoker.java:173)\r\n\tat org.testng.internal.MethodRunner.runInSequence(MethodRunner.java:46)\r\n\tat org.testng.internal.TestInvoker$MethodInvocationAgent.invoke(TestInvoker.java:824)\r\n\tat org.testng.internal.TestInvoker.invokeTestMethods(TestInvoker.java:146)\r\n\tat org.testng.internal.TestMethodWorker.invokeTestMethods(TestMethodWorker.java:146)\r\n\tat org.testng.internal.TestMethodWorker.run(TestMethodWorker.java:128)\r\n\tat java.base/java.util.ArrayList.forEach(ArrayList.java:1511)\r\n\tat org.testng.TestRunner.privateRun(TestRunner.java:794)\r\n\tat org.testng.TestRunner.run(TestRunner.java:596)\r\n\tat org.testng.SuiteRunner.runTest(SuiteRunner.java:377)\r\n\tat org.testng.SuiteRunner.runSequentially(SuiteRunner.java:371)\r\n\tat org.testng.SuiteRunner.privateRun(SuiteRunner.java:332)\r\n\tat org.testng.SuiteRunner.run(SuiteRunner.java:276)\r\n\tat org.testng.SuiteRunnerWorker.runSuite(SuiteRunnerWorker.java:53)\r\n\tat org.testng.SuiteRunnerWorker.run(SuiteRunnerWorker.java:96)\r\n\tat org.testng.TestNG.runSuitesSequentially(TestNG.java:1212)\r\n\tat org.testng.TestNG.runSuitesLocally(TestNG.java:1134)\r\n\tat org.testng.TestNG.runSuites(TestNG.java:1063)\r\n\tat org.testng.TestNG.run(TestNG.java:1031)\r\n\tat com.intellij.rt.testng.IDEARemoteTestNG.run(IDEARemoteTestNG.java:66)\r\n\tat com.intellij.rt.testng.RemoteTestNGStarter.main(RemoteTestNGStarter.java:109)\r\n"},"stage":"finished","description":"Shopping cart Description:Trying to add a product to the shopping cart","steps":[{"name":"addProductToCart","status":"broken","statusDetails":{"known":false,"muted":false,"flaky":false,"message":"element click intercepted: Element <input id=\"add-to-cart-button\" name=\"submit.add-to-cart\" title=\"Add to Shopping Cart\" data-hover=\"Select <b>__dims__</b> from the left<br> to add to Shopping Cart\" data-ref=\"\" class=\"a-button-input\" type=\"submit\" value=\"Add to Cart\" aria-labelledby=\"submit.add-to-cart-announce\" formaction=\"/cart/add-to-cart/ref=dp_start-bbf_1_glance\"> is not clickable at point (1496, 670). Other element would receive the click: <img id=\"detailImg\" src=\"https://m.media-amazon.com/images/I/81+tY3+YHlL._AC_SL1500_.jpg\" style=\"position: absolute; left: 14.75px; top: -69.1087px;\">\n  (Session info: chrome=106.0.5249.119)\nBuild info: version: '4.4.0', revision: 'e5c75ed026a'\nSystem info: host: 'DESKTOP-UK2F4HB', ip: '172.31.144.1', os.name: 'Windows 10', os.arch: 'amd64', os.version: '10.0', java.version: '18.0.1.1'\nDriver info: org.openqa.selenium.chrome.ChromeDriver\nCommand: [1a91e59f9f07eda772eceadb1c6dddbe, clickElement {id=f5b4d853-d897-4fc1-89e9-d8fe4e0ce0f6}]\nCapabilities {acceptInsecureCerts: false, browserName: chrome, browserVersion: 106.0.5249.119, chrome: {chromedriverVersion: 106.0.5249.61 (511755355844..., userDataDir: C:\\Users\\admin\\AppData\\Loca...}, goog:chromeOptions: {debuggerAddress: localhost:57539}, networkConnectionEnabled: false, pageLoadStrategy: normal, platformName: WINDOWS, proxy: Proxy(), se:cdp: ws://localhost:57539/devtoo..., se:cdpVersion: 106.0.5249.119, setWindowRect: true, strictFileInteractability: false, timeouts: {implicit: 0, pageLoad: 300000, script: 30000}, unhandledPromptBehavior: dismiss and notify, webauthn:extension:credBlob: true, webauthn:extension:largeBlob: true, webauthn:virtualAuthenticators: true}\nElement: [[ChromeDriver: chrome on WINDOWS (1a91e59f9f07eda772eceadb1c6dddbe)] -> css selector: #add-to-cart-button]\nSession ID: 1a91e59f9f07eda772eceadb1c6dddbe","trace":"org.openqa.selenium.ElementClickInterceptedException: element click intercepted: Element <input id=\"add-to-cart-button\" name=\"submit.add-to-cart\" title=\"Add to Shopping Cart\" data-hover=\"Select <b>__dims__</b> from the left<br> to add to Shopping Cart\" data-ref=\"\" class=\"a-button-input\" type=\"submit\" value=\"Add to Cart\" aria-labelledby=\"submit.add-to-cart-announce\" formaction=\"/cart/add-to-cart/ref=dp_start-bbf_1_glance\"> is not clickable at point (1496, 670). Other element would receive the click: <img id=\"detailImg\" src=\"https://m.media-amazon.com/images/I/81+tY3+YHlL._AC_SL1500_.jpg\" style=\"position: absolute; left: 14.75px; top: -69.1087px;\">\n  (Session info: chrome=106.0.5249.119)\nBuild info: version: '4.4.0', revision: 'e5c75ed026a'\nSystem info: host: 'DESKTOP-UK2F4HB', ip: '172.31.144.1', os.name: 'Windows 10', os.arch: 'amd64', os.version: '10.0', java.version: '18.0.1.1'\nDriver info: org.openqa.selenium.chrome.ChromeDriver\nCommand: [1a91e59f9f07eda772eceadb1c6dddbe, clickElement {id=f5b4d853-d897-4fc1-89e9-d8fe4e0ce0f6}]\nCapabilities {acceptInsecureCerts: false, browserName: chrome, browserVersion: 106.0.5249.119, chrome: {chromedriverVersion: 106.0.5249.61 (511755355844..., userDataDir: C:\\Users\\admin\\AppData\\Loca...}, goog:chromeOptions: {debuggerAddress: localhost:57539}, networkConnectionEnabled: false, pageLoadStrategy: normal, platformName: WINDOWS, proxy: Proxy(), se:cdp: ws://localhost:57539/devtoo..., se:cdpVersion: 106.0.5249.119, setWindowRect: true, strictFileInteractability: false, timeouts: {implicit: 0, pageLoad: 300000, script: 30000}, unhandledPromptBehavior: dismiss and notify, webauthn:extension:credBlob: true, webauthn:extension:largeBlob: true, webauthn:virtualAuthenticators: true}\nElement: [[ChromeDriver: chrome on WINDOWS (1a91e59f9f07eda772eceadb1c6dddbe)] -> css selector: #add-to-cart-button]\nSession ID: 1a91e59f9f07eda772eceadb1c6dddbe\r\n\tat java.base/jdk.internal.reflect.DirectConstructorHandleAccessor.newInstance(DirectConstructorHandleAccessor.java:67)\r\n\tat java.base/java.lang.reflect.Constructor.newInstanceWithCaller(Constructor.java:499)\r\n\tat java.base/java.lang.reflect.Constructor.newInstance(Constructor.java:483)\r\n\tat org.openqa.selenium.remote.codec.w3c.W3CHttpResponseCodec.createException(W3CHttpResponseCodec.java:200)\r\n\tat org.openqa.selenium.remote.codec.w3c.W3CHttpResponseCodec.decode(W3CHttpResponseCodec.java:133)\r\n\tat org.openqa.selenium.remote.codec.w3c.W3CHttpResponseCodec.decode(W3CHttpResponseCodec.java:53)\r\n\tat org.openqa.selenium.remote.HttpCommandExecutor.execute(HttpCommandExecutor.java:184)\r\n\tat org.openqa.selenium.remote.service.DriverCommandExecutor.invokeExecute(DriverCommandExecutor.java:167)\r\n\tat org.openqa.selenium.remote.service.DriverCommandExecutor.execute(DriverCommandExecutor.java:142)\r\n\tat org.openqa.selenium.remote.RemoteWebDriver.execute(RemoteWebDriver.java:547)\r\n\tat org.openqa.selenium.remote.RemoteWebElement.execute(RemoteWebElement.java:257)\r\n\tat org.openqa.selenium.remote.RemoteWebElement.click(RemoteWebElement.java:78)\r\n\tat java.base/jdk.internal.reflect.DirectMethodHandleAccessor.invoke(DirectMethodHandleAccessor.java:104)\r\n\tat java.base/java.lang.reflect.Method.invoke(Method.java:577)\r\n\tat org.openqa.selenium.support.pagefactory.internal.LocatingElementHandler.invoke(LocatingElementHandler.java:52)\r\n\tat jdk.proxy2/jdk.proxy2.$Proxy28.click(Unknown Source)\r\n\tat Pages.BasePage.click(BasePage.java:83)\r\n\tat WorkFlows.AmazonCartWorkFlows.clickAddToCartButton(AmazonCartWorkFlows.java:63)\r\n\tat WorkFlows.AmazonCartWorkFlows.addProductToCart(AmazonCartWorkFlows.java:80)\r\n\tat AmazonTests.ShoppingCartSuite.ShoppingCartTest.addingProductToCart(ShoppingCartTest.java:43)\r\n\tat java.base/jdk.internal.reflect.DirectMethodHandleAccessor.invoke(DirectMethodHandleAccessor.java:104)\r\n\tat java.base/java.lang.reflect.Method.invoke(Method.java:577)\r\n\tat org.testng.internal.MethodInvocationHelper.invokeMethod(MethodInvocationHelper.java:133)\r\n\tat org.testng.internal.TestInvoker.invokeMethod(TestInvoker.java:598)\r\n\tat org.testng.internal.TestInvoker.invokeTestMethod(TestInvoker.java:173)\r\n\tat org.testng.internal.MethodRunner.runInSequence(MethodRunner.java:46)\r\n\tat org.testng.internal.TestInvoker$MethodInvocationAgent.invoke(TestInvoker.java:824)\r\n\tat org.testng.internal.TestInvoker.invokeTestMethods(TestInvoker.java:146)\r\n\tat org.testng.internal.TestMethodWorker.invokeTestMethods(TestMethodWorker.java:146)\r\n\tat org.testng.internal.TestMethodWorker.run(TestMethodWorker.java:128)\r\n\tat java.base/java.util.ArrayList.forEach(ArrayList.java:1511)\r\n\tat org.testng.TestRunner.privateRun(TestRunner.java:794)\r\n\tat org.testng.TestRunner.run(TestRunner.java:596)\r\n\tat org.testng.SuiteRunner.runTest(SuiteRunner.java:377)\r\n\tat org.testng.SuiteRunner.runSequentially(SuiteRunner.java:371)\r\n\tat org.testng.SuiteRunner.privateRun(SuiteRunner.java:332)\r\n\tat org.testng.SuiteRunner.run(SuiteRunner.java:276)\r\n\tat org.testng.SuiteRunnerWorker.runSuite(SuiteRunnerWorker.java:53)\r\n\tat org.testng.SuiteRunnerWorker.run(SuiteRunnerWorker.java:96)\r\n\tat org.testng.TestNG.runSuitesSequentially(TestNG.java:1212)\r\n\tat org.testng.TestNG.runSuitesLocally(TestNG.java:1134)\r\n\tat org.testng.TestNG.runSuites(TestNG.java:1063)\r\n\tat org.testng.TestNG.run(TestNG.java:1031)\r\n\tat com.intellij.rt.testng.IDEARemoteTestNG.run(IDEARemoteTestNG.java:66)\r\n\tat com.intellij.rt.testng.RemoteTestNGStarter.main(RemoteTestNGStarter.java:109)\r\n"},"stage":"finished","steps":[{"name":"Type Into Search box socks organizer","status":"passed","stage":"finished","steps":[],"attachments":[{"name":"Element screenshot","source":"bbe32724-a15d-4dac-afd4-320e11c79256-attachment","type":"image/png"}],"parameters":[{"name":"productName","value":"socks organizer"}],"start":1666625536418,"stop":1666625536886},{"name":"Click search button","status":"passed","stage":"finished","steps":[],"attachments":[{"name":"Element screenshot","source":"346b3e5c-a63e-44cd-9b32-5efbd78894f6-attachment","type":"image/png"}],"parameters":[],"start":1666625536886,"stop":1666625562077},{"name":"Click a product","status":"passed","stage":"finished","steps":[],"attachments":[{"name":"Element screenshot","source":"f2eb80c0-e6ba-4974-9e5a-ce206f038bf8-attachment","type":"image/png"}],"parameters":[],"start":1666625562078,"stop":1666625589752},{"name":"Click 'add to cart' button","status":"broken","statusDetails":{"known":false,"muted":false,"flaky":false,"message":"element click intercepted: Element <input id=\"add-to-cart-button\" name=\"submit.add-to-cart\" title=\"Add to Shopping Cart\" data-hover=\"Select <b>__dims__</b> from the left<br> to add to Shopping Cart\" data-ref=\"\" class=\"a-button-input\" type=\"submit\" value=\"Add to Cart\" aria-labelledby=\"submit.add-to-cart-announce\" formaction=\"/cart/add-to-cart/ref=dp_start-bbf_1_glance\"> is not clickable at point (1496, 670). Other element would receive the click: <img id=\"detailImg\" src=\"https://m.media-amazon.com/images/I/81+tY3+YHlL._AC_SL1500_.jpg\" style=\"position: absolute; left: 14.75px; top: -69.1087px;\">\n  (Session info: chrome=106.0.5249.119)\nBuild info: version: '4.4.0', revision: 'e5c75ed026a'\nSystem info: host: 'DESKTOP-UK2F4HB', ip: '172.31.144.1', os.name: 'Windows 10', os.arch: 'amd64', os.version: '10.0', java.version: '18.0.1.1'\nDriver info: org.openqa.selenium.chrome.ChromeDriver\nCommand: [1a91e59f9f07eda772eceadb1c6dddbe, clickElement {id=f5b4d853-d897-4fc1-89e9-d8fe4e0ce0f6}]\nCapabilities {acceptInsecureCerts: false, browserName: chrome, browserVersion: 106.0.5249.119, chrome: {chromedriverVersion: 106.0.5249.61 (511755355844..., userDataDir: C:\\Users\\admin\\AppData\\Loca...}, goog:chromeOptions: {debuggerAddress: localhost:57539}, networkConnectionEnabled: false, pageLoadStrategy: normal, platformName: WINDOWS, proxy: Proxy(), se:cdp: ws://localhost:57539/devtoo..., se:cdpVersion: 106.0.5249.119, setWindowRect: true, strictFileInteractability: false, timeouts: {implicit: 0, pageLoad: 300000, script: 30000}, unhandledPromptBehavior: dismiss and notify, webauthn:extension:credBlob: true, webauthn:extension:largeBlob: true, webauthn:virtualAuthenticators: true}\nElement: [[ChromeDriver: chrome on WINDOWS (1a91e59f9f07eda772eceadb1c6dddbe)] -> css selector: #add-to-cart-button]\nSession ID: 1a91e59f9f07eda772eceadb1c6dddbe","trace":"org.openqa.selenium.ElementClickInterceptedException: element click intercepted: Element <input id=\"add-to-cart-button\" name=\"submit.add-to-cart\" title=\"Add to Shopping Cart\" data-hover=\"Select <b>__dims__</b> from the left<br> to add to Shopping Cart\" data-ref=\"\" class=\"a-button-input\" type=\"submit\" value=\"Add to Cart\" aria-labelledby=\"submit.add-to-cart-announce\" formaction=\"/cart/add-to-cart/ref=dp_start-bbf_1_glance\"> is not clickable at point (1496, 670). Other element would receive the click: <img id=\"detailImg\" src=\"https://m.media-amazon.com/images/I/81+tY3+YHlL._AC_SL1500_.jpg\" style=\"position: absolute; left: 14.75px; top: -69.1087px;\">\n  (Session info: chrome=106.0.5249.119)\nBuild info: version: '4.4.0', revision: 'e5c75ed026a'\nSystem info: host: 'DESKTOP-UK2F4HB', ip: '172.31.144.1', os.name: 'Windows 10', os.arch: 'amd64', os.version: '10.0', java.version: '18.0.1.1'\nDriver info: org.openqa.selenium.chrome.ChromeDriver\nCommand: [1a91e59f9f07eda772eceadb1c6dddbe, clickElement {id=f5b4d853-d897-4fc1-89e9-d8fe4e0ce0f6}]\nCapabilities {acceptInsecureCerts: false, browserName: chrome, browserVersion: 106.0.5249.119, chrome: {chromedriverVersion: 106.0.5249.61 (511755355844..., userDataDir: C:\\Users\\admin\\AppData\\Loca...}, goog:chromeOptions: {debuggerAddress: localhost:57539}, networkConnectionEnabled: false, pageLoadStrategy: normal, platformName: WINDOWS, proxy: Proxy(), se:cdp: ws://localhost:57539/devtoo..., se:cdpVersion: 106.0.5249.119, setWindowRect: true, strictFileInteractability: false, timeouts: {implicit: 0, pageLoad: 300000, script: 30000}, unhandledPromptBehavior: dismiss and notify, webauthn:extension:credBlob: true, webauthn:extension:largeBlob: true, webauthn:virtualAuthenticators: true}\nElement: [[ChromeDriver: chrome on WINDOWS (1a91e59f9f07eda772eceadb1c6dddbe)] -> css selector: #add-to-cart-button]\nSession ID: 1a91e59f9f07eda772eceadb1c6dddbe\r\n\tat java.base/jdk.internal.reflect.DirectConstructorHandleAccessor.newInstance(DirectConstructorHandleAccessor.java:67)\r\n\tat java.base/java.lang.reflect.Constructor.newInstanceWithCaller(Constructor.java:499)\r\n\tat java.base/java.lang.reflect.Constructor.newInstance(Constructor.java:483)\r\n\tat org.openqa.selenium.remote.codec.w3c.W3CHttpResponseCodec.createException(W3CHttpResponseCodec.java:200)\r\n\tat org.openqa.selenium.remote.codec.w3c.W3CHttpResponseCodec.decode(W3CHttpResponseCodec.java:133)\r\n\tat org.openqa.selenium.remote.codec.w3c.W3CHttpResponseCodec.decode(W3CHttpResponseCodec.java:53)\r\n\tat org.openqa.selenium.remote.HttpCommandExecutor.execute(HttpCommandExecutor.java:184)\r\n\tat org.openqa.selenium.remote.service.DriverCommandExecutor.invokeExecute(DriverCommandExecutor.java:167)\r\n\tat org.openqa.selenium.remote.service.DriverCommandExecutor.execute(DriverCommandExecutor.java:142)\r\n\tat org.openqa.selenium.remote.RemoteWebDriver.execute(RemoteWebDriver.java:547)\r\n\tat org.openqa.selenium.remote.RemoteWebElement.execute(RemoteWebElement.java:257)\r\n\tat org.openqa.selenium.remote.RemoteWebElement.click(RemoteWebElement.java:78)\r\n\tat java.base/jdk.internal.reflect.DirectMethodHandleAccessor.invoke(DirectMethodHandleAccessor.java:104)\r\n\tat java.base/java.lang.reflect.Method.invoke(Method.java:577)\r\n\tat org.openqa.selenium.support.pagefactory.internal.LocatingElementHandler.invoke(LocatingElementHandler.java:52)\r\n\tat jdk.proxy2/jdk.proxy2.$Proxy28.click(Unknown Source)\r\n\tat Pages.BasePage.click(BasePage.java:83)\r\n\tat WorkFlows.AmazonCartWorkFlows.clickAddToCartButton(AmazonCartWorkFlows.java:63)\r\n\tat WorkFlows.AmazonCartWorkFlows.addProductToCart(AmazonCartWorkFlows.java:80)\r\n\tat AmazonTests.ShoppingCartSuite.ShoppingCartTest.addingProductToCart(ShoppingCartTest.java:43)\r\n\tat java.base/jdk.internal.reflect.DirectMethodHandleAccessor.invoke(DirectMethodHandleAccessor.java:104)\r\n\tat java.base/java.lang.reflect.Method.invoke(Method.java:577)\r\n\tat org.testng.internal.MethodInvocationHelper.invokeMethod(MethodInvocationHelper.java:133)\r\n\tat org.testng.internal.TestInvoker.invokeMethod(TestInvoker.java:598)\r\n\tat org.testng.internal.TestInvoker.invokeTestMethod(TestInvoker.java:173)\r\n\tat org.testng.internal.MethodRunner.runInSequence(MethodRunner.java:46)\r\n\tat org.testng.internal.TestInvoker$MethodInvocationAgent.invoke(TestInvoker.java:824)\r\n\tat org.testng.internal.TestInvoker.invokeTestMethods(TestInvoker.java:146)\r\n\tat org.testng.internal.TestMethodWorker.invokeTestMethods(TestMethodWorker.java:146)\r\n\tat org.testng.internal.TestMethodWorker.run(TestMethodWorker.java:128)\r\n\tat java.base/java.util.ArrayList.forEach(ArrayList.java:1511)\r\n\tat org.testng.TestRunner.privateRun(TestRunner.java:794)\r\n\tat org.testng.TestRunner.run(TestRunner.java:596)\r\n\tat org.testng.SuiteRunner.runTest(SuiteRunner.java:377)\r\n\tat org.testng.SuiteRunner.runSequentially(SuiteRunner.java:371)\r\n\tat org.testng.SuiteRunner.privateRun(SuiteRunner.java:332)\r\n\tat org.testng.SuiteRunner.run(SuiteRunner.java:276)\r\n\tat org.testng.SuiteRunnerWorker.runSuite(SuiteRunnerWorker.java:53)\r\n\tat org.testng.SuiteRunnerWorker.run(SuiteRunnerWorker.java:96)\r\n\tat org.testng.TestNG.runSuitesSequentially(TestNG.java:1212)\r\n\tat org.testng.TestNG.runSuitesLocally(TestNG.java:1134)\r\n\tat org.testng.TestNG.runSuites(TestNG.java:1063)\r\n\tat org.testng.TestNG.run(TestNG.java:1031)\r\n\tat com.intellij.rt.testng.IDEARemoteTestNG.run(IDEARemoteTestNG.java:66)\r\n\tat com.intellij.rt.testng.RemoteTestNGStarter.main(RemoteTestNGStarter.java:109)\r\n"},"stage":"finished","steps":[],"attachments":[{"name":"Element screenshot","source":"1c18b27a-cc75-4831-8c16-77f9e0a09b4a-attachment","type":"image/png"}],"parameters":[],"start":1666625589753,"stop":1666625591915}],"attachments":[],"parameters":[{"name":"productName","value":"socks organizer"}],"start":1666625536418,"stop":1666625591916}],"attachments":[],"parameters":[{"name":"arg1","value":"2"},{"name":"arg0","value":"socks organizer"}],"start":1666625536417,"stop":1666625591918}