{"uuid":"61c68f80-9547-458a-983b-3548d08bb206","historyId":"9c0c93e0ee3291b7a396c701c7f004a2","fullName":"AmazonTests.ShoppingCartSuite.ShoppingCartTest.addingProductToCart","labels":[{"name":"package","value":"AmazonTests.ShoppingCartSuite.ShoppingCartTest"},{"name":"testClass","value":"AmazonTests.ShoppingCartSuite.ShoppingCartTest"},{"name":"testMethod","value":"addingProductToCart"},{"name":"parentSuite","value":"Default Suite"},{"name":"suite","value":"FinalProject"},{"name":"subSuite","value":"AmazonTests.ShoppingCartSuite.ShoppingCartTest"},{"name":"host","value":"DESKTOP-UK2F4HB"},{"name":"thread","value":"2952@DESKTOP-UK2F4HB.main(1)"},{"name":"framework","value":"testng"},{"name":"language","value":"java"},{"name":"story","value":"adding a product to the shopping cart test"}],"links":[],"name":"addingProductToCart","status":"broken","statusDetails":{"known":false,"muted":false,"flaky":false,"message":"element click intercepted: Element <input id=\"add-to-cart-button\" name=\"submit.add-to-cart\" title=\"Add to Shopping Cart\" data-hover=\"Select <b>__dims__</b> from the left<br> to add to Shopping Cart\" data-ref=\"\" class=\"a-button-input\" type=\"submit\" value=\"Add to Cart\" aria-labelledby=\"submit.add-to-cart-announce\" formaction=\"/cart/add-to-cart/ref=dp_start-bbf_1_glance\"> is not clickable at point (1496, 670). Other element would receive the click: <div id=\"zoomWindow\" style=\"overflow: hidden; position: absolute; background-color: white; z-index: 199; box-shadow: rgba(0, 0, 0, 0.25) 0px 6px 8px 2px; border: 1px solid rgb(148, 148, 148); left: 632.5px; top: 277px; width: 1252.5px; height: 633px;\">...</div>\n  (Session info: chrome=106.0.5249.119)\nBuild info: version: '4.4.0', revision: 'e5c75ed026a'\nSystem info: host: 'DESKTOP-UK2F4HB', ip: '172.31.144.1', os.name: 'Windows 10', os.arch: 'amd64', os.version: '10.0', java.version: '18.0.1.1'\nDriver info: org.openqa.selenium.chrome.ChromeDriver\nCommand: [c51a265ea2ebd1122a69ea8190e5cae0, clickElement {id=34149526-037b-4c03-ad1c-5e1131e13d5e}]\nCapabilities {acceptInsecureCerts: false, browserName: chrome, browserVersion: 106.0.5249.119, chrome: {chromedriverVersion: 106.0.5249.61 (511755355844..., userDataDir: C:\\Users\\admin\\AppData\\Loca...}, goog:chromeOptions: {debuggerAddress: localhost:56822}, networkConnectionEnabled: false, pageLoadStrategy: normal, platformName: WINDOWS, proxy: Proxy(), se:cdp: ws://localhost:56822/devtoo..., se:cdpVersion: 106.0.5249.119, setWindowRect: true, strictFileInteractability: false, timeouts: {implicit: 0, pageLoad: 300000, script: 30000}, unhandledPromptBehavior: dismiss and notify, webauthn:extension:credBlob: true, webauthn:extension:largeBlob: true, webauthn:virtualAuthenticators: true}\nElement: [[ChromeDriver: chrome on WINDOWS (c51a265ea2ebd1122a69ea8190e5cae0)] -> css selector: #add-to-cart-button]\nSession ID: c51a265ea2ebd1122a69ea8190e5cae0","trace":"org.openqa.selenium.ElementClickInterceptedException: element click intercepted: Element <input id=\"add-to-cart-button\" name=\"submit.add-to-cart\" title=\"Add to Shopping Cart\" data-hover=\"Select <b>__dims__</b> from the left<br> to add to Shopping Cart\" data-ref=\"\" class=\"a-button-input\" type=\"submit\" value=\"Add to Cart\" aria-labelledby=\"submit.add-to-cart-announce\" formaction=\"/cart/add-to-cart/ref=dp_start-bbf_1_glance\"> is not clickable at point (1496, 670). Other element would receive the click: <div id=\"zoomWindow\" style=\"overflow: hidden; position: absolute; background-color: white; z-index: 199; box-shadow: rgba(0, 0, 0, 0.25) 0px 6px 8px 2px; border: 1px solid rgb(148, 148, 148); left: 632.5px; top: 277px; width: 1252.5px; height: 633px;\">...</div>\n  (Session info: chrome=106.0.5249.119)\nBuild info: version: '4.4.0', revision: 'e5c75ed026a'\nSystem info: host: 'DESKTOP-UK2F4HB', ip: '172.31.144.1', os.name: 'Windows 10', os.arch: 'amd64', os.version: '10.0', java.version: '18.0.1.1'\nDriver info: org.openqa.selenium.chrome.ChromeDriver\nCommand: [c51a265ea2ebd1122a69ea8190e5cae0, clickElement {id=34149526-037b-4c03-ad1c-5e1131e13d5e}]\nCapabilities {acceptInsecureCerts: false, browserName: chrome, browserVersion: 106.0.5249.119, chrome: {chromedriverVersion: 106.0.5249.61 (511755355844..., userDataDir: C:\\Users\\admin\\AppData\\Loca...}, goog:chromeOptions: {debuggerAddress: localhost:56822}, networkConnectionEnabled: false, pageLoadStrategy: normal, platformName: WINDOWS, proxy: Proxy(), se:cdp: ws://localhost:56822/devtoo..., se:cdpVersion: 106.0.5249.119, setWindowRect: true, strictFileInteractability: false, timeouts: {implicit: 0, pageLoad: 300000, script: 30000}, unhandledPromptBehavior: dismiss and notify, webauthn:extension:credBlob: true, webauthn:extension:largeBlob: true, webauthn:virtualAuthenticators: true}\nElement: [[ChromeDriver: chrome on WINDOWS (c51a265ea2ebd1122a69ea8190e5cae0)] -> css selector: #add-to-cart-button]\nSession ID: c51a265ea2ebd1122a69ea8190e5cae0\r\n\tat java.base/jdk.internal.reflect.DirectConstructorHandleAccessor.newInstance(DirectConstructorHandleAccessor.java:67)\r\n\tat java.base/java.lang.reflect.Constructor.newInstanceWithCaller(Constructor.java:499)\r\n\tat java.base/java.lang.reflect.Constructor.newInstance(Constructor.java:483)\r\n\tat org.openqa.selenium.remote.codec.w3c.W3CHttpResponseCodec.createException(W3CHttpResponseCodec.java:200)\r\n\tat org.openqa.selenium.remote.codec.w3c.W3CHttpResponseCodec.decode(W3CHttpResponseCodec.java:133)\r\n\tat org.openqa.selenium.remote.codec.w3c.W3CHttpResponseCodec.decode(W3CHttpResponseCodec.java:53)\r\n\tat org.openqa.selenium.remote.HttpCommandExecutor.execute(HttpCommandExecutor.java:184)\r\n\tat org.openqa.selenium.remote.service.DriverCommandExecutor.invokeExecute(DriverCommandExecutor.java:167)\r\n\tat org.openqa.selenium.remote.service.DriverCommandExecutor.execute(DriverCommandExecutor.java:142)\r\n\tat org.openqa.selenium.remote.RemoteWebDriver.execute(RemoteWebDriver.java:547)\r\n\tat org.openqa.selenium.remote.RemoteWebElement.execute(RemoteWebElement.java:257)\r\n\tat org.openqa.selenium.remote.RemoteWebElement.click(RemoteWebElement.java:78)\r\n\tat java.base/jdk.internal.reflect.DirectMethodHandleAccessor.invoke(DirectMethodHandleAccessor.java:104)\r\n\tat java.base/java.lang.reflect.Method.invoke(Method.java:577)\r\n\tat org.openqa.selenium.support.pagefactory.internal.LocatingElementHandler.invoke(LocatingElementHandler.java:52)\r\n\tat jdk.proxy2/jdk.proxy2.$Proxy28.click(Unknown Source)\r\n\tat Pages.BasePage.click(BasePage.java:83)\r\n\tat WorkFlows.AmazonCartWorkFlows.clickAddToCartButton(AmazonCartWorkFlows.java:63)\r\n\tat WorkFlows.AmazonCartWorkFlows.addProductToCart(AmazonCartWorkFlows.java:80)\r\n\tat AmazonTests.ShoppingCartSuite.ShoppingCartTest.addingProductToCart(ShoppingCartTest.java:43)\r\n\tat java.base/jdk.internal.reflect.DirectMethodHandleAccessor.invoke(DirectMethodHandleAccessor.java:104)\r\n\tat java.base/java.lang.reflect.Method.invoke(Method.java:577)\r\n\tat org.testng.internal.MethodInvocationHelper.invokeMethod(MethodInvocationHelper.java:133)\r\n\tat org.testng.internal.TestInvoker.invokeMethod(TestInvoker.java:598)\r\n\tat org.testng.internal.TestInvoker.invokeTestMethod(TestInvoker.java:173)\r\n\tat org.testng.internal.MethodRunner.runInSequence(MethodRunner.java:46)\r\n\tat org.testng.internal.TestInvoker$MethodInvocationAgent.invoke(TestInvoker.java:824)\r\n\tat org.testng.internal.TestInvoker.invokeTestMethods(TestInvoker.java:146)\r\n\tat org.testng.internal.TestMethodWorker.invokeTestMethods(TestMethodWorker.java:146)\r\n\tat org.testng.internal.TestMethodWorker.run(TestMethodWorker.java:128)\r\n\tat java.base/java.util.ArrayList.forEach(ArrayList.java:1511)\r\n\tat org.testng.TestRunner.privateRun(TestRunner.java:794)\r\n\tat org.testng.TestRunner.run(TestRunner.java:596)\r\n\tat org.testng.SuiteRunner.runTest(SuiteRunner.java:377)\r\n\tat org.testng.SuiteRunner.runSequentially(SuiteRunner.java:371)\r\n\tat org.testng.SuiteRunner.privateRun(SuiteRunner.java:332)\r\n\tat org.testng.SuiteRunner.run(SuiteRunner.java:276)\r\n\tat org.testng.SuiteRunnerWorker.runSuite(SuiteRunnerWorker.java:53)\r\n\tat org.testng.SuiteRunnerWorker.run(SuiteRunnerWorker.java:96)\r\n\tat org.testng.TestNG.runSuitesSequentially(TestNG.java:1212)\r\n\tat org.testng.TestNG.runSuitesLocally(TestNG.java:1134)\r\n\tat org.testng.TestNG.runSuites(TestNG.java:1063)\r\n\tat org.testng.TestNG.run(TestNG.java:1031)\r\n\tat com.intellij.rt.testng.IDEARemoteTestNG.run(IDEARemoteTestNG.java:66)\r\n\tat com.intellij.rt.testng.RemoteTestNGStarter.main(RemoteTestNGStarter.java:109)\r\n"},"stage":"finished","description":"Shopping cart Description:Trying to add a product to the shopping cart","steps":[{"name":"addProductToCart","status":"broken","statusDetails":{"known":false,"muted":false,"flaky":false,"message":"element click intercepted: Element <input id=\"add-to-cart-button\" name=\"submit.add-to-cart\" title=\"Add to Shopping Cart\" data-hover=\"Select <b>__dims__</b> from the left<br> to add to Shopping Cart\" data-ref=\"\" class=\"a-button-input\" type=\"submit\" value=\"Add to Cart\" aria-labelledby=\"submit.add-to-cart-announce\" formaction=\"/cart/add-to-cart/ref=dp_start-bbf_1_glance\"> is not clickable at point (1496, 670). Other element would receive the click: <div id=\"zoomWindow\" style=\"overflow: hidden; position: absolute; background-color: white; z-index: 199; box-shadow: rgba(0, 0, 0, 0.25) 0px 6px 8px 2px; border: 1px solid rgb(148, 148, 148); left: 632.5px; top: 277px; width: 1252.5px; height: 633px;\">...</div>\n  (Session info: chrome=106.0.5249.119)\nBuild info: version: '4.4.0', revision: 'e5c75ed026a'\nSystem info: host: 'DESKTOP-UK2F4HB', ip: '172.31.144.1', os.name: 'Windows 10', os.arch: 'amd64', os.version: '10.0', java.version: '18.0.1.1'\nDriver info: org.openqa.selenium.chrome.ChromeDriver\nCommand: [c51a265ea2ebd1122a69ea8190e5cae0, clickElement {id=34149526-037b-4c03-ad1c-5e1131e13d5e}]\nCapabilities {acceptInsecureCerts: false, browserName: chrome, browserVersion: 106.0.5249.119, chrome: {chromedriverVersion: 106.0.5249.61 (511755355844..., userDataDir: C:\\Users\\admin\\AppData\\Loca...}, goog:chromeOptions: {debuggerAddress: localhost:56822}, networkConnectionEnabled: false, pageLoadStrategy: normal, platformName: WINDOWS, proxy: Proxy(), se:cdp: ws://localhost:56822/devtoo..., se:cdpVersion: 106.0.5249.119, setWindowRect: true, strictFileInteractability: false, timeouts: {implicit: 0, pageLoad: 300000, script: 30000}, unhandledPromptBehavior: dismiss and notify, webauthn:extension:credBlob: true, webauthn:extension:largeBlob: true, webauthn:virtualAuthenticators: true}\nElement: [[ChromeDriver: chrome on WINDOWS (c51a265ea2ebd1122a69ea8190e5cae0)] -> css selector: #add-to-cart-button]\nSession ID: c51a265ea2ebd1122a69ea8190e5cae0","trace":"org.openqa.selenium.ElementClickInterceptedException: element click intercepted: Element <input id=\"add-to-cart-button\" name=\"submit.add-to-cart\" title=\"Add to Shopping Cart\" data-hover=\"Select <b>__dims__</b> from the left<br> to add to Shopping Cart\" data-ref=\"\" class=\"a-button-input\" type=\"submit\" value=\"Add to Cart\" aria-labelledby=\"submit.add-to-cart-announce\" formaction=\"/cart/add-to-cart/ref=dp_start-bbf_1_glance\"> is not clickable at point (1496, 670). Other element would receive the click: <div id=\"zoomWindow\" style=\"overflow: hidden; position: absolute; background-color: white; z-index: 199; box-shadow: rgba(0, 0, 0, 0.25) 0px 6px 8px 2px; border: 1px solid rgb(148, 148, 148); left: 632.5px; top: 277px; width: 1252.5px; height: 633px;\">...</div>\n  (Session info: chrome=106.0.5249.119)\nBuild info: version: '4.4.0', revision: 'e5c75ed026a'\nSystem info: host: 'DESKTOP-UK2F4HB', ip: '172.31.144.1', os.name: 'Windows 10', os.arch: 'amd64', os.version: '10.0', java.version: '18.0.1.1'\nDriver info: org.openqa.selenium.chrome.ChromeDriver\nCommand: [c51a265ea2ebd1122a69ea8190e5cae0, clickElement {id=34149526-037b-4c03-ad1c-5e1131e13d5e}]\nCapabilities {acceptInsecureCerts: false, browserName: chrome, browserVersion: 106.0.5249.119, chrome: {chromedriverVersion: 106.0.5249.61 (511755355844..., userDataDir: C:\\Users\\admin\\AppData\\Loca...}, goog:chromeOptions: {debuggerAddress: localhost:56822}, networkConnectionEnabled: false, pageLoadStrategy: normal, platformName: WINDOWS, proxy: Proxy(), se:cdp: ws://localhost:56822/devtoo..., se:cdpVersion: 106.0.5249.119, setWindowRect: true, strictFileInteractability: false, timeouts: {implicit: 0, pageLoad: 300000, script: 30000}, unhandledPromptBehavior: dismiss and notify, webauthn:extension:credBlob: true, webauthn:extension:largeBlob: true, webauthn:virtualAuthenticators: true}\nElement: [[ChromeDriver: chrome on WINDOWS (c51a265ea2ebd1122a69ea8190e5cae0)] -> css selector: #add-to-cart-button]\nSession ID: c51a265ea2ebd1122a69ea8190e5cae0\r\n\tat java.base/jdk.internal.reflect.DirectConstructorHandleAccessor.newInstance(DirectConstructorHandleAccessor.java:67)\r\n\tat java.base/java.lang.reflect.Constructor.newInstanceWithCaller(Constructor.java:499)\r\n\tat java.base/java.lang.reflect.Constructor.newInstance(Constructor.java:483)\r\n\tat org.openqa.selenium.remote.codec.w3c.W3CHttpResponseCodec.createException(W3CHttpResponseCodec.java:200)\r\n\tat org.openqa.selenium.remote.codec.w3c.W3CHttpResponseCodec.decode(W3CHttpResponseCodec.java:133)\r\n\tat org.openqa.selenium.remote.codec.w3c.W3CHttpResponseCodec.decode(W3CHttpResponseCodec.java:53)\r\n\tat org.openqa.selenium.remote.HttpCommandExecutor.execute(HttpCommandExecutor.java:184)\r\n\tat org.openqa.selenium.remote.service.DriverCommandExecutor.invokeExecute(DriverCommandExecutor.java:167)\r\n\tat org.openqa.selenium.remote.service.DriverCommandExecutor.execute(DriverCommandExecutor.java:142)\r\n\tat org.openqa.selenium.remote.RemoteWebDriver.execute(RemoteWebDriver.java:547)\r\n\tat org.openqa.selenium.remote.RemoteWebElement.execute(RemoteWebElement.java:257)\r\n\tat org.openqa.selenium.remote.RemoteWebElement.click(RemoteWebElement.java:78)\r\n\tat java.base/jdk.internal.reflect.DirectMethodHandleAccessor.invoke(DirectMethodHandleAccessor.java:104)\r\n\tat java.base/java.lang.reflect.Method.invoke(Method.java:577)\r\n\tat org.openqa.selenium.support.pagefactory.internal.LocatingElementHandler.invoke(LocatingElementHandler.java:52)\r\n\tat jdk.proxy2/jdk.proxy2.$Proxy28.click(Unknown Source)\r\n\tat Pages.BasePage.click(BasePage.java:83)\r\n\tat WorkFlows.AmazonCartWorkFlows.clickAddToCartButton(AmazonCartWorkFlows.java:63)\r\n\tat WorkFlows.AmazonCartWorkFlows.addProductToCart(AmazonCartWorkFlows.java:80)\r\n\tat AmazonTests.ShoppingCartSuite.ShoppingCartTest.addingProductToCart(ShoppingCartTest.java:43)\r\n\tat java.base/jdk.internal.reflect.DirectMethodHandleAccessor.invoke(DirectMethodHandleAccessor.java:104)\r\n\tat java.base/java.lang.reflect.Method.invoke(Method.java:577)\r\n\tat org.testng.internal.MethodInvocationHelper.invokeMethod(MethodInvocationHelper.java:133)\r\n\tat org.testng.internal.TestInvoker.invokeMethod(TestInvoker.java:598)\r\n\tat org.testng.internal.TestInvoker.invokeTestMethod(TestInvoker.java:173)\r\n\tat org.testng.internal.MethodRunner.runInSequence(MethodRunner.java:46)\r\n\tat org.testng.internal.TestInvoker$MethodInvocationAgent.invoke(TestInvoker.java:824)\r\n\tat org.testng.internal.TestInvoker.invokeTestMethods(TestInvoker.java:146)\r\n\tat org.testng.internal.TestMethodWorker.invokeTestMethods(TestMethodWorker.java:146)\r\n\tat org.testng.internal.TestMethodWorker.run(TestMethodWorker.java:128)\r\n\tat java.base/java.util.ArrayList.forEach(ArrayList.java:1511)\r\n\tat org.testng.TestRunner.privateRun(TestRunner.java:794)\r\n\tat org.testng.TestRunner.run(TestRunner.java:596)\r\n\tat org.testng.SuiteRunner.runTest(SuiteRunner.java:377)\r\n\tat org.testng.SuiteRunner.runSequentially(SuiteRunner.java:371)\r\n\tat org.testng.SuiteRunner.privateRun(SuiteRunner.java:332)\r\n\tat org.testng.SuiteRunner.run(SuiteRunner.java:276)\r\n\tat org.testng.SuiteRunnerWorker.runSuite(SuiteRunnerWorker.java:53)\r\n\tat org.testng.SuiteRunnerWorker.run(SuiteRunnerWorker.java:96)\r\n\tat org.testng.TestNG.runSuitesSequentially(TestNG.java:1212)\r\n\tat org.testng.TestNG.runSuitesLocally(TestNG.java:1134)\r\n\tat org.testng.TestNG.runSuites(TestNG.java:1063)\r\n\tat org.testng.TestNG.run(TestNG.java:1031)\r\n\tat com.intellij.rt.testng.IDEARemoteTestNG.run(IDEARemoteTestNG.java:66)\r\n\tat com.intellij.rt.testng.RemoteTestNGStarter.main(RemoteTestNGStarter.java:109)\r\n"},"stage":"finished","steps":[{"name":"Type Into Search box socks organizer","status":"passed","stage":"finished","steps":[],"attachments":[{"name":"Element screenshot","source":"2d6205db-6bb9-4bd3-89bd-1619a9675844-attachment","type":"image/png"}],"parameters":[{"name":"productName","value":"socks organizer"}],"start":1666625347626,"stop":1666625348191},{"name":"Click search button","status":"passed","stage":"finished","steps":[],"attachments":[{"name":"Element screenshot","source":"b6fd1175-4726-4470-9593-919a0b82f6d7-attachment","type":"image/png"}],"parameters":[],"start":1666625348191,"stop":1666625367355},{"name":"Click a product","status":"passed","stage":"finished","steps":[],"attachments":[{"name":"Element screenshot","source":"adaeed9b-04ea-419d-aa25-3e34916e0255-attachment","type":"image/png"}],"parameters":[],"start":1666625367356,"stop":1666625397821},{"name":"Click 'add to cart' button","status":"broken","statusDetails":{"known":false,"muted":false,"flaky":false,"message":"element click intercepted: Element <input id=\"add-to-cart-button\" name=\"submit.add-to-cart\" title=\"Add to Shopping Cart\" data-hover=\"Select <b>__dims__</b> from the left<br> to add to Shopping Cart\" data-ref=\"\" class=\"a-button-input\" type=\"submit\" value=\"Add to Cart\" aria-labelledby=\"submit.add-to-cart-announce\" formaction=\"/cart/add-to-cart/ref=dp_start-bbf_1_glance\"> is not clickable at point (1496, 670). Other element would receive the click: <div id=\"zoomWindow\" style=\"overflow: hidden; position: absolute; background-color: white; z-index: 199; box-shadow: rgba(0, 0, 0, 0.25) 0px 6px 8px 2px; border: 1px solid rgb(148, 148, 148); left: 632.5px; top: 277px; width: 1252.5px; height: 633px;\">...</div>\n  (Session info: chrome=106.0.5249.119)\nBuild info: version: '4.4.0', revision: 'e5c75ed026a'\nSystem info: host: 'DESKTOP-UK2F4HB', ip: '172.31.144.1', os.name: 'Windows 10', os.arch: 'amd64', os.version: '10.0', java.version: '18.0.1.1'\nDriver info: org.openqa.selenium.chrome.ChromeDriver\nCommand: [c51a265ea2ebd1122a69ea8190e5cae0, clickElement {id=34149526-037b-4c03-ad1c-5e1131e13d5e}]\nCapabilities {acceptInsecureCerts: false, browserName: chrome, browserVersion: 106.0.5249.119, chrome: {chromedriverVersion: 106.0.5249.61 (511755355844..., userDataDir: C:\\Users\\admin\\AppData\\Loca...}, goog:chromeOptions: {debuggerAddress: localhost:56822}, networkConnectionEnabled: false, pageLoadStrategy: normal, platformName: WINDOWS, proxy: Proxy(), se:cdp: ws://localhost:56822/devtoo..., se:cdpVersion: 106.0.5249.119, setWindowRect: true, strictFileInteractability: false, timeouts: {implicit: 0, pageLoad: 300000, script: 30000}, unhandledPromptBehavior: dismiss and notify, webauthn:extension:credBlob: true, webauthn:extension:largeBlob: true, webauthn:virtualAuthenticators: true}\nElement: [[ChromeDriver: chrome on WINDOWS (c51a265ea2ebd1122a69ea8190e5cae0)] -> css selector: #add-to-cart-button]\nSession ID: c51a265ea2ebd1122a69ea8190e5cae0","trace":"org.openqa.selenium.ElementClickInterceptedException: element click intercepted: Element <input id=\"add-to-cart-button\" name=\"submit.add-to-cart\" title=\"Add to Shopping Cart\" data-hover=\"Select <b>__dims__</b> from the left<br> to add to Shopping Cart\" data-ref=\"\" class=\"a-button-input\" type=\"submit\" value=\"Add to Cart\" aria-labelledby=\"submit.add-to-cart-announce\" formaction=\"/cart/add-to-cart/ref=dp_start-bbf_1_glance\"> is not clickable at point (1496, 670). Other element would receive the click: <div id=\"zoomWindow\" style=\"overflow: hidden; position: absolute; background-color: white; z-index: 199; box-shadow: rgba(0, 0, 0, 0.25) 0px 6px 8px 2px; border: 1px solid rgb(148, 148, 148); left: 632.5px; top: 277px; width: 1252.5px; height: 633px;\">...</div>\n  (Session info: chrome=106.0.5249.119)\nBuild info: version: '4.4.0', revision: 'e5c75ed026a'\nSystem info: host: 'DESKTOP-UK2F4HB', ip: '172.31.144.1', os.name: 'Windows 10', os.arch: 'amd64', os.version: '10.0', java.version: '18.0.1.1'\nDriver info: org.openqa.selenium.chrome.ChromeDriver\nCommand: [c51a265ea2ebd1122a69ea8190e5cae0, clickElement {id=34149526-037b-4c03-ad1c-5e1131e13d5e}]\nCapabilities {acceptInsecureCerts: false, browserName: chrome, browserVersion: 106.0.5249.119, chrome: {chromedriverVersion: 106.0.5249.61 (511755355844..., userDataDir: C:\\Users\\admin\\AppData\\Loca...}, goog:chromeOptions: {debuggerAddress: localhost:56822}, networkConnectionEnabled: false, pageLoadStrategy: normal, platformName: WINDOWS, proxy: Proxy(), se:cdp: ws://localhost:56822/devtoo..., se:cdpVersion: 106.0.5249.119, setWindowRect: true, strictFileInteractability: false, timeouts: {implicit: 0, pageLoad: 300000, script: 30000}, unhandledPromptBehavior: dismiss and notify, webauthn:extension:credBlob: true, webauthn:extension:largeBlob: true, webauthn:virtualAuthenticators: true}\nElement: [[ChromeDriver: chrome on WINDOWS (c51a265ea2ebd1122a69ea8190e5cae0)] -> css selector: #add-to-cart-button]\nSession ID: c51a265ea2ebd1122a69ea8190e5cae0\r\n\tat java.base/jdk.internal.reflect.DirectConstructorHandleAccessor.newInstance(DirectConstructorHandleAccessor.java:67)\r\n\tat java.base/java.lang.reflect.Constructor.newInstanceWithCaller(Constructor.java:499)\r\n\tat java.base/java.lang.reflect.Constructor.newInstance(Constructor.java:483)\r\n\tat org.openqa.selenium.remote.codec.w3c.W3CHttpResponseCodec.createException(W3CHttpResponseCodec.java:200)\r\n\tat org.openqa.selenium.remote.codec.w3c.W3CHttpResponseCodec.decode(W3CHttpResponseCodec.java:133)\r\n\tat org.openqa.selenium.remote.codec.w3c.W3CHttpResponseCodec.decode(W3CHttpResponseCodec.java:53)\r\n\tat org.openqa.selenium.remote.HttpCommandExecutor.execute(HttpCommandExecutor.java:184)\r\n\tat org.openqa.selenium.remote.service.DriverCommandExecutor.invokeExecute(DriverCommandExecutor.java:167)\r\n\tat org.openqa.selenium.remote.service.DriverCommandExecutor.execute(DriverCommandExecutor.java:142)\r\n\tat org.openqa.selenium.remote.RemoteWebDriver.execute(RemoteWebDriver.java:547)\r\n\tat org.openqa.selenium.remote.RemoteWebElement.execute(RemoteWebElement.java:257)\r\n\tat org.openqa.selenium.remote.RemoteWebElement.click(RemoteWebElement.java:78)\r\n\tat java.base/jdk.internal.reflect.DirectMethodHandleAccessor.invoke(DirectMethodHandleAccessor.java:104)\r\n\tat java.base/java.lang.reflect.Method.invoke(Method.java:577)\r\n\tat org.openqa.selenium.support.pagefactory.internal.LocatingElementHandler.invoke(LocatingElementHandler.java:52)\r\n\tat jdk.proxy2/jdk.proxy2.$Proxy28.click(Unknown Source)\r\n\tat Pages.BasePage.click(BasePage.java:83)\r\n\tat WorkFlows.AmazonCartWorkFlows.clickAddToCartButton(AmazonCartWorkFlows.java:63)\r\n\tat WorkFlows.AmazonCartWorkFlows.addProductToCart(AmazonCartWorkFlows.java:80)\r\n\tat AmazonTests.ShoppingCartSuite.ShoppingCartTest.addingProductToCart(ShoppingCartTest.java:43)\r\n\tat java.base/jdk.internal.reflect.DirectMethodHandleAccessor.invoke(DirectMethodHandleAccessor.java:104)\r\n\tat java.base/java.lang.reflect.Method.invoke(Method.java:577)\r\n\tat org.testng.internal.MethodInvocationHelper.invokeMethod(MethodInvocationHelper.java:133)\r\n\tat org.testng.internal.TestInvoker.invokeMethod(TestInvoker.java:598)\r\n\tat org.testng.internal.TestInvoker.invokeTestMethod(TestInvoker.java:173)\r\n\tat org.testng.internal.MethodRunner.runInSequence(MethodRunner.java:46)\r\n\tat org.testng.internal.TestInvoker$MethodInvocationAgent.invoke(TestInvoker.java:824)\r\n\tat org.testng.internal.TestInvoker.invokeTestMethods(TestInvoker.java:146)\r\n\tat org.testng.internal.TestMethodWorker.invokeTestMethods(TestMethodWorker.java:146)\r\n\tat org.testng.internal.TestMethodWorker.run(TestMethodWorker.java:128)\r\n\tat java.base/java.util.ArrayList.forEach(ArrayList.java:1511)\r\n\tat org.testng.TestRunner.privateRun(TestRunner.java:794)\r\n\tat org.testng.TestRunner.run(TestRunner.java:596)\r\n\tat org.testng.SuiteRunner.runTest(SuiteRunner.java:377)\r\n\tat org.testng.SuiteRunner.runSequentially(SuiteRunner.java:371)\r\n\tat org.testng.SuiteRunner.privateRun(SuiteRunner.java:332)\r\n\tat org.testng.SuiteRunner.run(SuiteRunner.java:276)\r\n\tat org.testng.SuiteRunnerWorker.runSuite(SuiteRunnerWorker.java:53)\r\n\tat org.testng.SuiteRunnerWorker.run(SuiteRunnerWorker.java:96)\r\n\tat org.testng.TestNG.runSuitesSequentially(TestNG.java:1212)\r\n\tat org.testng.TestNG.runSuitesLocally(TestNG.java:1134)\r\n\tat org.testng.TestNG.runSuites(TestNG.java:1063)\r\n\tat org.testng.TestNG.run(TestNG.java:1031)\r\n\tat com.intellij.rt.testng.IDEARemoteTestNG.run(IDEARemoteTestNG.java:66)\r\n\tat com.intellij.rt.testng.RemoteTestNGStarter.main(RemoteTestNGStarter.java:109)\r\n"},"stage":"finished","steps":[],"attachments":[{"name":"Element screenshot","source":"24e19c24-2b14-419d-bfbb-d3ee17020f5c-attachment","type":"image/png"}],"parameters":[],"start":1666625397822,"stop":1666625399874}],"attachments":[],"parameters":[{"name":"productName","value":"socks organizer"}],"start":1666625347626,"stop":1666625399874}],"attachments":[],"parameters":[{"name":"arg1","value":"2"},{"name":"arg0","value":"socks organizer"}],"start":1666625347625,"stop":1666625399892}