{"uuid":"ce0c1ffb-55f8-4442-b9fc-6af68950ffc1","historyId":"de8c1f6aa6fb5f29a0abceb19ac6965a","fullName":"AmazonTests.SearchSuite.SearchTest.checkTheCheapestPriceForAProduct","labels":[{"name":"package","value":"AmazonTests.SearchSuite.SearchTest"},{"name":"testClass","value":"AmazonTests.SearchSuite.SearchTest"},{"name":"testMethod","value":"checkTheCheapestPriceForAProduct"},{"name":"parentSuite","value":"Default Suite"},{"name":"suite","value":"FinalProject"},{"name":"subSuite","value":"AmazonTests.SearchSuite.SearchTest"},{"name":"host","value":"DESKTOP-UK2F4HB"},{"name":"thread","value":"16632@DESKTOP-UK2F4HB.main(1)"},{"name":"framework","value":"testng"},{"name":"language","value":"java"},{"name":"story","value":"search for the cheapest product"}],"links":[],"name":"checkTheCheapestPriceForAProduct","status":"failed","statusDetails":{"known":false,"muted":false,"flaky":false,"message":"expected [5.51] but found [3.99]","trace":"java.lang.AssertionError: expected [5.51] but found [3.99]\r\n\tat org.testng.Assert.fail(Assert.java:99)\r\n\tat org.testng.Assert.failNotEquals(Assert.java:1037)\r\n\tat org.testng.Assert.assertEquals(Assert.java:701)\r\n\tat org.testng.Assert.assertEquals(Assert.java:712)\r\n\tat Extensions.Verifications.verifyCheapestPrice(Verifications.java:49)\r\n\tat AmazonTests.SearchSuite.SearchTest.checkTheCheapestPriceForAProduct(SearchTest.java:54)\r\n\tat java.base/jdk.internal.reflect.DirectMethodHandleAccessor.invoke(DirectMethodHandleAccessor.java:104)\r\n\tat java.base/java.lang.reflect.Method.invoke(Method.java:577)\r\n\tat org.testng.internal.MethodInvocationHelper.invokeMethod(MethodInvocationHelper.java:133)\r\n\tat org.testng.internal.TestInvoker.invokeMethod(TestInvoker.java:598)\r\n\tat org.testng.internal.TestInvoker.invokeTestMethod(TestInvoker.java:173)\r\n\tat org.testng.internal.MethodRunner.runInSequence(MethodRunner.java:46)\r\n\tat org.testng.internal.TestInvoker$MethodInvocationAgent.invoke(TestInvoker.java:824)\r\n\tat org.testng.internal.TestInvoker.invokeTestMethods(TestInvoker.java:146)\r\n\tat org.testng.internal.TestMethodWorker.invokeTestMethods(TestMethodWorker.java:146)\r\n\tat org.testng.internal.TestMethodWorker.run(TestMethodWorker.java:128)\r\n\tat java.base/java.util.ArrayList.forEach(ArrayList.java:1511)\r\n\tat org.testng.TestRunner.privateRun(TestRunner.java:794)\r\n\tat org.testng.TestRunner.run(TestRunner.java:596)\r\n\tat org.testng.SuiteRunner.runTest(SuiteRunner.java:377)\r\n\tat org.testng.SuiteRunner.runSequentially(SuiteRunner.java:371)\r\n\tat org.testng.SuiteRunner.privateRun(SuiteRunner.java:332)\r\n\tat org.testng.SuiteRunner.run(SuiteRunner.java:276)\r\n\tat org.testng.SuiteRunnerWorker.runSuite(SuiteRunnerWorker.java:53)\r\n\tat org.testng.SuiteRunnerWorker.run(SuiteRunnerWorker.java:96)\r\n\tat org.testng.TestNG.runSuitesSequentially(TestNG.java:1212)\r\n\tat org.testng.TestNG.runSuitesLocally(TestNG.java:1134)\r\n\tat org.testng.TestNG.runSuites(TestNG.java:1063)\r\n\tat org.testng.TestNG.run(TestNG.java:1031)\r\n\tat com.intellij.rt.testng.IDEARemoteTestNG.run(IDEARemoteTestNG.java:66)\r\n\tat com.intellij.rt.testng.RemoteTestNGStarter.main(RemoteTestNGStarter.java:109)\r\n"},"stage":"finished","description":"Search Description:Trying to search for a product with the minimum price","steps":[{"name":"Type into search box","status":"passed","stage":"finished","steps":[],"attachments":[{"name":"Element screenshot","source":"2652fc3d-bc60-4fa3-a794-55457f51e6e0-attachment","type":"image/png"}],"parameters":[{"name":"productName","value":"airpods pro case cover"}],"start":1666623186760,"stop":1666623187477},{"name":"Click submit search button","status":"passed","stage":"finished","steps":[],"attachments":[{"name":"Element screenshot","source":"8a423285-a7ff-4461-8c2e-ce1553dfc72c-attachment","type":"image/png"}],"parameters":[],"start":1666623187477,"stop":1666623194018},{"name":"Get 'cheapest product price'","status":"passed","stage":"finished","steps":[],"attachments":[{"name":"Element screenshot","source":"e8240195-60f8-4a64-b790-d98d68097c43-attachment","type":"image/png"}],"parameters":[],"start":1666623194018,"stop":1666623195700},{"name":"Verify cheapest product price in products list","status":"failed","statusDetails":{"known":false,"muted":false,"flaky":false,"message":"expected [5.51] but found [3.99]","trace":"java.lang.AssertionError: expected [5.51] but found [3.99]\r\n\tat org.testng.Assert.fail(Assert.java:99)\r\n\tat org.testng.Assert.failNotEquals(Assert.java:1037)\r\n\tat org.testng.Assert.assertEquals(Assert.java:701)\r\n\tat org.testng.Assert.assertEquals(Assert.java:712)\r\n\tat Extensions.Verifications.verifyCheapestPrice(Verifications.java:49)\r\n\tat AmazonTests.SearchSuite.SearchTest.checkTheCheapestPriceForAProduct(SearchTest.java:54)\r\n\tat java.base/jdk.internal.reflect.DirectMethodHandleAccessor.invoke(DirectMethodHandleAccessor.java:104)\r\n\tat java.base/java.lang.reflect.Method.invoke(Method.java:577)\r\n\tat org.testng.internal.MethodInvocationHelper.invokeMethod(MethodInvocationHelper.java:133)\r\n\tat org.testng.internal.TestInvoker.invokeMethod(TestInvoker.java:598)\r\n\tat org.testng.internal.TestInvoker.invokeTestMethod(TestInvoker.java:173)\r\n\tat org.testng.internal.MethodRunner.runInSequence(MethodRunner.java:46)\r\n\tat org.testng.internal.TestInvoker$MethodInvocationAgent.invoke(TestInvoker.java:824)\r\n\tat org.testng.internal.TestInvoker.invokeTestMethods(TestInvoker.java:146)\r\n\tat org.testng.internal.TestMethodWorker.invokeTestMethods(TestMethodWorker.java:146)\r\n\tat org.testng.internal.TestMethodWorker.run(TestMethodWorker.java:128)\r\n\tat java.base/java.util.ArrayList.forEach(ArrayList.java:1511)\r\n\tat org.testng.TestRunner.privateRun(TestRunner.java:794)\r\n\tat org.testng.TestRunner.run(TestRunner.java:596)\r\n\tat org.testng.SuiteRunner.runTest(SuiteRunner.java:377)\r\n\tat org.testng.SuiteRunner.runSequentially(SuiteRunner.java:371)\r\n\tat org.testng.SuiteRunner.privateRun(SuiteRunner.java:332)\r\n\tat org.testng.SuiteRunner.run(SuiteRunner.java:276)\r\n\tat org.testng.SuiteRunnerWorker.runSuite(SuiteRunnerWorker.java:53)\r\n\tat org.testng.SuiteRunnerWorker.run(SuiteRunnerWorker.java:96)\r\n\tat org.testng.TestNG.runSuitesSequentially(TestNG.java:1212)\r\n\tat org.testng.TestNG.runSuitesLocally(TestNG.java:1134)\r\n\tat org.testng.TestNG.runSuites(TestNG.java:1063)\r\n\tat org.testng.TestNG.run(TestNG.java:1031)\r\n\tat com.intellij.rt.testng.IDEARemoteTestNG.run(IDEARemoteTestNG.java:66)\r\n\tat com.intellij.rt.testng.RemoteTestNGStarter.main(RemoteTestNGStarter.java:109)\r\n"},"stage":"finished","steps":[],"attachments":[],"parameters":[{"name":"actual","value":"3.99"},{"name":"expected","value":"5.51"}],"start":1666623195703,"stop":1666623195709}],"attachments":[],"parameters":[{"name":"searchForResult","value":"airpods pro case cover"},{"name":"minPrice","value":"5.51"}],"start":1666623186745,"stop":1666623195722}